kotlin version: 2.2.10
error message: java.lang.NoClassDefFoundError: org/jetbrains/kotlin/metadata/ProtoBuf$Annotation$Builder
	at org.jetbrains.kotlin.metadata.ProtoBuf$Annotation.newBuilder(ProtoBuf.java:4324)
	at org.jetbrains.kotlin.metadata.ProtoBuf$Annotation.newBuilderForType(ProtoBuf.java:4325)
	at org.jetbrains.kotlin.metadata.ProtoBuf$Annotation.newBuilderForType(ProtoBuf.java:1875)
	at org.jetbrains.kotlin.protobuf.GeneratedMessageLite.parseUnknownField(GeneratedMessageLite.java:582)
	at org.jetbrains.kotlin.protobuf.GeneratedMessageLite.access$100(GeneratedMessageLite.java:49)
	at org.jetbrains.kotlin.protobuf.GeneratedMessageLite$ExtendableMessage.parseUnknownField(GeneratedMessageLite.java:246)
	at org.jetbrains.kotlin.metadata.ProtoBuf$Class.<init>(ProtoBuf.java:8673)
	at org.jetbrains.kotlin.metadata.ProtoBuf$Class.<init>(ProtoBuf.java:8631)
	at org.jetbrains.kotlin.metadata.ProtoBuf$Class$1.parsePartialFrom(ProtoBuf.java:9056)
	at org.jetbrains.kotlin.metadata.ProtoBuf$Class$1.parsePartialFrom(ProtoBuf.java:9051)
	at org.jetbrains.kotlin.protobuf.CodedInputStream.readMessage(CodedInputStream.java:495)
	at org.jetbrains.kotlin.metadata.jvm.JvmModuleProtoBuf$Module.<init>(JvmModuleProtoBuf.java:299)
	at org.jetbrains.kotlin.metadata.jvm.JvmModuleProtoBuf$Module.<init>(JvmModuleProtoBuf.java:188)
	at org.jetbrains.kotlin.metadata.jvm.JvmModuleProtoBuf$Module$1.parsePartialFrom(JvmModuleProtoBuf.java:341)
	at org.jetbrains.kotlin.metadata.jvm.JvmModuleProtoBuf$Module$1.parsePartialFrom(JvmModuleProtoBuf.java:336)
	at org.jetbrains.kotlin.protobuf.AbstractParser.parsePartialFrom(AbstractParser.java:192)
	at org.jetbrains.kotlin.protobuf.AbstractParser.parseFrom(AbstractParser.java:209)
	at org.jetbrains.kotlin.protobuf.AbstractParser.parseFrom(AbstractParser.java:49)
	at org.jetbrains.kotlin.metadata.jvm.JvmModuleProtoBuf$Module.parseFrom(JvmModuleProtoBuf.java:821)
	at org.jetbrains.kotlin.metadata.jvm.deserialization.ModuleMapping$Companion.loadModuleMapping(ModuleMapping.kt:84)
	at org.jetbrains.kotlin.load.kotlin.ModuleMappingUtilKt.loadModuleMapping(ModuleMappingUtil.kt:18)
	at org.jetbrains.kotlin.cli.jvm.compiler.JvmPackagePartProviderKt.tryLoadModuleMapping(JvmPackagePartProvider.kt:71)
	at org.jetbrains.kotlin.cli.jvm.compiler.JvmPackagePartProvider.addRoots(JvmPackagePartProvider.kt:52)
	at org.jetbrains.kotlin.cli.jvm.compiler.legacy.pipeline.ProjectEnvironmentWithCoreEnvironmentEmulation.getPackagePartProvider(jvmCompilerPipeline.kt:233)
	at org.jetbrains.kotlin.cli.pipeline.jvm.JvmFrontendPipelinePhase.prepareJvmSessions(JvmFrontendPipelinePhase.kt:330)
	at org.jetbrains.kotlin.cli.pipeline.jvm.JvmFrontendPipelinePhase.executePhase(JvmFrontendPipelinePhase.kt:146)
	at org.jetbrains.kotlin.cli.pipeline.jvm.JvmFrontendPipelinePhase.executePhase(JvmFrontendPipelinePhase.kt:56)
	at org.jetbrains.kotlin.cli.pipeline.PipelinePhase.phaseBody(PipelinePhase.kt:68)
	at org.jetbrains.kotlin.cli.pipeline.PipelinePhase.phaseBody(PipelinePhase.kt:58)
	at org.jetbrains.kotlin.config.phaser.NamedCompilerPhase.invoke(CompilerPhase.kt:102)
	at org.jetbrains.kotlin.backend.common.phaser.CompositePhase.invoke(PhaseBuilders.kt:22)
	at org.jetbrains.kotlin.config.phaser.CompilerPhaseKt.invokeToplevel(CompilerPhase.kt:53)
	at org.jetbrains.kotlin.cli.pipeline.AbstractCliPipeline.runPhasedPipeline(AbstractCliPipeline.kt:109)
	at org.jetbrains.kotlin.cli.pipeline.AbstractCliPipeline.execute(AbstractCliPipeline.kt:68)
	at org.jetbrains.kotlin.cli.jvm.K2JVMCompiler.doExecutePhased(K2JVMCompiler.kt:78)
	at org.jetbrains.kotlin.cli.jvm.K2JVMCompiler.doExecutePhased(K2JVMCompiler.kt:44)
	at org.jetbrains.kotlin.cli.common.CLICompiler.execImpl(CLICompiler.kt:90)
	at org.jetbrains.kotlin.cli.common.CLICompiler.exec(CLICompiler.kt:352)
	at org.jetbrains.kotlin.incremental.IncrementalJvmCompilerRunnerBase.runCompiler(IncrementalJvmCompilerRunnerBase.kt:175)
	at org.jetbrains.kotlin.incremental.IncrementalJvmCompilerRunnerBase.runCompiler(IncrementalJvmCompilerRunnerBase.kt:38)
	at org.jetbrains.kotlin.incremental.IncrementalCompilerRunner.doCompile(IncrementalCompilerRunner.kt:504)
	at org.jetbrains.kotlin.incremental.IncrementalCompilerRunner.compileImpl(IncrementalCompilerRunner.kt:421)
	at org.jetbrains.kotlin.incremental.IncrementalCompilerRunner.compileNonIncrementally(IncrementalCompilerRunner.kt:306)
	at org.jetbrains.kotlin.incremental.IncrementalCompilerRunner.compile(IncrementalCompilerRunner.kt:133)
	at org.jetbrains.kotlin.daemon.CompileServiceImplBase.execIncrementalCompiler(CompileServiceImpl.kt:679)
	at org.jetbrains.kotlin.daemon.CompileServiceImplBase.access$execIncrementalCompiler(CompileServiceImpl.kt:93)
	at org.jetbrains.kotlin.daemon.CompileServiceImpl.compile(CompileServiceImpl.kt:1806)
	at java.base/jdk.internal.reflect.DirectMethodHandleAccessor.invoke(Unknown Source)
	at java.base/java.lang.reflect.Method.invoke(Unknown Source)
	at java.rmi/sun.rmi.server.UnicastServerRef.dispatch(Unknown Source)
	at java.rmi/sun.rmi.transport.Transport$1.run(Unknown Source)
	at java.rmi/sun.rmi.transport.Transport$1.run(Unknown Source)
	at java.base/java.security.AccessController.doPrivileged(Unknown Source)
	at java.rmi/sun.rmi.transport.Transport.serviceCall(Unknown Source)
	at java.rmi/sun.rmi.transport.tcp.TCPTransport.handleMessages(Unknown Source)
	at java.rmi/sun.rmi.transport.tcp.TCPTransport$ConnectionHandler.run0(Unknown Source)
	at java.rmi/sun.rmi.transport.tcp.TCPTransport$ConnectionHandler.lambda$run$0(Unknown Source)
	at java.base/java.security.AccessController.doPrivileged(Unknown Source)
	at java.rmi/sun.rmi.transport.tcp.TCPTransport$ConnectionHandler.run(Unknown Source)
	at java.base/java.util.concurrent.ThreadPoolExecutor.runWorker(Unknown Source)
	at java.base/java.util.concurrent.ThreadPoolExecutor$Worker.run(Unknown Source)
	at java.base/java.lang.Thread.run(Unknown Source)
Caused by: java.lang.ClassNotFoundException: org.jetbrains.kotlin.metadata.ProtoBuf$Annotation$Builder
	... 62 more


